2025-12-08 22:51:12,896 INFO o.a.j.u.JMeterUtils: Setting Locale to en_EN
2025-12-08 22:51:12,906 INFO o.a.j.JMeter: Loading user properties from: /opt/homebrew/Cellar/jmeter/5.6.3/libexec/bin/user.properties
2025-12-08 22:51:12,906 INFO o.a.j.JMeter: Loading system properties from: /opt/homebrew/Cellar/jmeter/5.6.3/libexec/bin/system.properties
2025-12-08 22:51:12,909 INFO o.a.j.JMeter: Copyright (c) 1998-2024 The Apache Software Foundation
2025-12-08 22:51:12,909 INFO o.a.j.JMeter: Version 5.6.3
2025-12-08 22:51:12,909 INFO o.a.j.JMeter: java.version=21.0.9
2025-12-08 22:51:12,909 INFO o.a.j.JMeter: java.vm.name=OpenJDK 64-Bit Server VM
2025-12-08 22:51:12,909 INFO o.a.j.JMeter: os.name=Mac OS X
2025-12-08 22:51:12,909 INFO o.a.j.JMeter: os.arch=aarch64
2025-12-08 22:51:12,909 INFO o.a.j.JMeter: os.version=15.7.1
2025-12-08 22:51:12,909 INFO o.a.j.JMeter: file.encoding=UTF-8
2025-12-08 22:51:12,909 INFO o.a.j.JMeter: java.awt.headless=true
2025-12-08 22:51:12,909 INFO o.a.j.JMeter: Max memory     =1073741824
2025-12-08 22:51:12,909 INFO o.a.j.JMeter: Available Processors =10
2025-12-08 22:51:12,914 INFO o.a.j.JMeter: Default Locale=English (EN)
2025-12-08 22:51:12,914 INFO o.a.j.JMeter: JMeter  Locale=English (EN)
2025-12-08 22:51:12,915 INFO o.a.j.JMeter: JMeterHome=/opt/homebrew/Cellar/jmeter/5.6.3/libexec
2025-12-08 22:51:12,915 INFO o.a.j.JMeter: user.dir  =/Users/aleksandrdorofeev/Mock Servies
2025-12-08 22:51:12,915 INFO o.a.j.JMeter: PWD       =/Users/aleksandrdorofeev/Mock Servies
2025-12-08 22:51:12,916 INFO o.a.j.JMeter: IP: 127.0.0.1 Name: MacBook-Pro-Aleksandr.local FullName: localhost
2025-12-08 22:51:12,923 INFO o.a.j.s.FileServer: Default base='/Users/aleksandrdorofeev/Mock Servies'
2025-12-08 22:51:12,924 INFO o.a.j.s.FileServer: Set new base='/Users/aleksandrdorofeev/Mock Servies'
2025-12-08 22:51:12,996 INFO o.a.j.s.SaveService: Testplan (JMX) version: 2.2. Testlog (JTL) version: 2.2
2025-12-08 22:51:13,013 INFO o.a.j.s.SaveService: Using SaveService properties version 5.0
2025-12-08 22:51:13,014 INFO o.a.j.s.SaveService: Using SaveService properties file encoding UTF-8
2025-12-08 22:51:13,015 INFO o.a.j.s.SaveService: Loading file: Test Plan.jmx
2025-12-08 22:51:13,040 INFO o.a.j.p.h.s.HTTPSamplerBase: Parser for text/html is org.apache.jmeter.protocol.http.parser.LagartoBasedHtmlParser
2025-12-08 22:51:13,040 INFO o.a.j.p.h.s.HTTPSamplerBase: Parser for application/xhtml+xml is org.apache.jmeter.protocol.http.parser.LagartoBasedHtmlParser
2025-12-08 22:51:13,040 INFO o.a.j.p.h.s.HTTPSamplerBase: Parser for application/xml is org.apache.jmeter.protocol.http.parser.LagartoBasedHtmlParser
2025-12-08 22:51:13,040 INFO o.a.j.p.h.s.HTTPSamplerBase: Parser for text/xml is org.apache.jmeter.protocol.http.parser.LagartoBasedHtmlParser
2025-12-08 22:51:13,040 INFO o.a.j.p.h.s.HTTPSamplerBase: Parser for text/vnd.wap.wml is org.apache.jmeter.protocol.http.parser.RegexpHTMLParser
2025-12-08 22:51:13,040 INFO o.a.j.p.h.s.HTTPSamplerBase: Parser for text/css is org.apache.jmeter.protocol.http.parser.CssParser
2025-12-08 22:51:13,049 INFO o.a.j.s.SampleResult: Note: Sample TimeStamps are START times
2025-12-08 22:51:13,049 INFO o.a.j.s.SampleResult: sampleresult.default.encoding is set to UTF-8
2025-12-08 22:51:13,049 INFO o.a.j.s.SampleResult: sampleresult.useNanoTime=true
2025-12-08 22:51:13,049 INFO o.a.j.s.SampleResult: sampleresult.nanoThreadSleep=5000
2025-12-08 22:51:13,059 INFO o.a.j.JMeter: Creating summariser <summary>
2025-12-08 22:51:13,065 INFO o.a.j.e.StandardJMeterEngine: Running the test!
2025-12-08 22:51:13,065 INFO o.a.j.s.SampleEvent: List of sample_variables: []
2025-12-08 22:51:13,065 INFO o.a.j.s.SampleEvent: List of sample_variables: []
2025-12-08 22:51:13,066 INFO o.a.j.e.u.CompoundVariable: Note: Function class names must contain the string: '.functions.'
2025-12-08 22:51:13,066 INFO o.a.j.e.u.CompoundVariable: Note: Function class names must not contain the string: '.gui.'
2025-12-08 22:51:13,088 INFO o.a.j.r.ClassFinder: Will scan jar /opt/homebrew/Cellar/jmeter/5.6.3/libexec/lib/ext/jmeter-prometheus-plugin-0.6.0.jar with filter ExtendsClassFilter [parents=[interface org.apache.jmeter.functions.Function], inner=false, contains=null, notContains=null]. Consider exposing JMeter plugins via META-INF/services, and add JMeter-Skip-Class-Scanning=true manifest attribute so JMeter can skip classfile scanning
2025-12-08 22:51:13,092 INFO o.a.j.r.ClassFinder: Will scan jar /opt/homebrew/Cellar/jmeter/5.6.3/libexec/lib/ext/jmeter-plugins-manager-1.11.jar with filter ExtendsClassFilter [parents=[interface org.apache.jmeter.functions.Function], inner=false, contains=null, notContains=null]. Consider exposing JMeter plugins via META-INF/services, and add JMeter-Skip-Class-Scanning=true manifest attribute so JMeter can skip classfile scanning
2025-12-08 22:51:13,134 INFO o.a.j.r.ClassFinder: Will scan jar /opt/homebrew/Cellar/jmeter/5.6.3/libexec/lib/ext/jmeter-plugins-tst-2.6.jar with filter ExtendsClassFilter [parents=[interface org.apache.jmeter.functions.Function], inner=false, contains=null, notContains=null]. Consider exposing JMeter plugins via META-INF/services, and add JMeter-Skip-Class-Scanning=true manifest attribute so JMeter can skip classfile scanning
2025-12-08 22:51:13,135 INFO o.a.j.r.ClassFinder: Will scan jar /opt/homebrew/Cellar/jmeter/5.6.3/libexec/lib/ext/jmeter-plugins-random-csv-data-set-0.8.jar with filter ExtendsClassFilter [parents=[interface org.apache.jmeter.functions.Function], inner=false, contains=null, notContains=null]. Consider exposing JMeter plugins via META-INF/services, and add JMeter-Skip-Class-Scanning=true manifest attribute so JMeter can skip classfile scanning
2025-12-08 22:51:13,136 INFO o.a.j.r.ClassFinder: Will scan jar /opt/homebrew/Cellar/jmeter/5.6.3/libexec/lib/ext/jmeter-plugins-casutg-3.1.1.jar with filter ExtendsClassFilter [parents=[interface org.apache.jmeter.functions.Function], inner=false, contains=null, notContains=null]. Consider exposing JMeter plugins via META-INF/services, and add JMeter-Skip-Class-Scanning=true manifest attribute so JMeter can skip classfile scanning
2025-12-08 22:51:13,139 INFO o.a.j.r.ClassFinder: Will scan jar /opt/homebrew/Cellar/jmeter/5.6.3/libexec/lib/ext/jmeter-plugins-manager.jar with filter ExtendsClassFilter [parents=[interface org.apache.jmeter.functions.Function], inner=false, contains=null, notContains=null]. Consider exposing JMeter plugins via META-INF/services, and add JMeter-Skip-Class-Scanning=true manifest attribute so JMeter can skip classfile scanning
2025-12-08 22:51:13,142 INFO o.a.j.JMeter: Running test (1765223473142)
2025-12-08 22:51:13,150 INFO o.a.j.e.StandardJMeterEngine: Starting ThreadGroup: 1 : Thread Group
2025-12-08 22:51:13,150 INFO o.a.j.e.StandardJMeterEngine: Starting 100 threads for group Thread Group.
2025-12-08 22:51:13,150 INFO o.a.j.e.StandardJMeterEngine: Thread will continue on error
2025-12-08 22:51:13,150 INFO o.a.j.t.ThreadGroup: Starting thread group... number=1 threads=100 ramp-up=100 delayedStart=false
2025-12-08 22:51:13,173 INFO o.a.j.t.ThreadGroup: Started thread group number 1
2025-12-08 22:51:13,174 INFO o.a.j.e.StandardJMeterEngine: All thread groups have been started
2025-12-08 22:51:13,197 INFO o.a.j.t.JMeterThread: Thread started: Thread Group 1-1
2025-12-08 22:51:13,198 INFO o.a.j.s.FileServer: Stored: data.csv
2025-12-08 22:51:13,214 INFO o.a.j.p.h.s.HTTPHCAbstractImpl: Local host = MacBook-Pro-Aleksandr.local
2025-12-08 22:51:13,216 INFO o.a.j.p.h.s.HTTPHC4Impl: HTTP request retry count = 0
2025-12-08 22:51:14,200 INFO o.a.j.t.JMeterThread: Thread started: Thread Group 1-2
2025-12-08 22:51:15,199 INFO o.a.j.t.JMeterThread: Thread started: Thread Group 1-3
2025-12-08 22:51:16,197 INFO o.a.j.t.JMeterThread: Thread started: Thread Group 1-4
2025-12-08 22:51:17,196 INFO o.a.j.t.JMeterThread: Thread started: Thread Group 1-5
2025-12-08 22:51:18,196 INFO o.a.j.t.JMeterThread: Thread started: Thread Group 1-6
2025-12-08 22:51:19,198 INFO o.a.j.t.JMeterThread: Thread started: Thread Group 1-7
2025-12-08 22:51:20,195 INFO o.a.j.t.JMeterThread: Thread started: Thread Group 1-8
2025-12-08 22:51:21,195 INFO o.a.j.t.JMeterThread: Thread started: Thread Group 1-9
2025-12-08 22:51:22,194 INFO o.a.j.t.JMeterThread: Thread started: Thread Group 1-10
2025-12-08 22:51:23,193 INFO o.a.j.t.JMeterThread: Thread started: Thread Group 1-11
2025-12-08 22:51:24,197 INFO o.a.j.t.JMeterThread: Thread started: Thread Group 1-12
2025-12-08 22:51:25,196 INFO o.a.j.t.JMeterThread: Thread started: Thread Group 1-13
2025-12-08 22:51:26,196 INFO o.a.j.t.JMeterThread: Thread started: Thread Group 1-14
2025-12-08 22:51:27,194 INFO o.a.j.t.JMeterThread: Thread started: Thread Group 1-15
2025-12-08 22:51:28,198 INFO o.a.j.t.JMeterThread: Thread started: Thread Group 1-16
2025-12-08 22:51:29,195 INFO o.a.j.t.JMeterThread: Thread started: Thread Group 1-17
2025-12-08 22:51:30,005 INFO o.a.j.r.Summariser: summary +   1688 in 00:00:17 =  100.1/s Avg:     2 Min:     0 Max:    19 Err:     0 (0.00%) Active: 17 Started: 17 Finished: 0
2025-12-08 22:51:30,193 INFO o.a.j.t.JMeterThread: Thread started: Thread Group 1-18
2025-12-08 22:51:31,193 INFO o.a.j.t.JMeterThread: Thread started: Thread Group 1-19
2025-12-08 22:51:32,195 INFO o.a.j.t.JMeterThread: Thread started: Thread Group 1-20
2025-12-08 22:51:33,197 INFO o.a.j.t.JMeterThread: Thread started: Thread Group 1-21
2025-12-08 22:51:34,195 INFO o.a.j.t.JMeterThread: Thread started: Thread Group 1-22
2025-12-08 22:51:35,192 INFO o.a.j.t.JMeterThread: Thread started: Thread Group 1-23
2025-12-08 22:51:36,194 INFO o.a.j.t.JMeterThread: Thread started: Thread Group 1-24
2025-12-08 22:51:37,194 INFO o.a.j.t.JMeterThread: Thread started: Thread Group 1-25
2025-12-08 22:51:38,191 INFO o.a.j.t.JMeterThread: Thread started: Thread Group 1-26
2025-12-08 22:51:39,188 INFO o.a.j.t.JMeterThread: Thread started: Thread Group 1-27
2025-12-08 22:51:40,202 INFO o.a.j.t.JMeterThread: Thread started: Thread Group 1-28
2025-12-08 22:51:41,188 INFO o.a.j.t.JMeterThread: Thread started: Thread Group 1-29
2025-12-08 22:51:42,191 INFO o.a.j.t.JMeterThread: Thread started: Thread Group 1-30
2025-12-08 22:51:43,191 INFO o.a.j.t.JMeterThread: Thread started: Thread Group 1-31
2025-12-08 22:51:44,190 INFO o.a.j.t.JMeterThread: Thread started: Thread Group 1-32
2025-12-08 22:51:45,188 INFO o.a.j.t.JMeterThread: Thread started: Thread Group 1-33
2025-12-08 22:51:46,188 INFO o.a.j.t.JMeterThread: Thread started: Thread Group 1-34
2025-12-08 22:51:47,189 INFO o.a.j.t.JMeterThread: Thread started: Thread Group 1-35
2025-12-08 22:51:48,191 INFO o.a.j.t.JMeterThread: Thread started: Thread Group 1-36
2025-12-08 22:51:49,191 INFO o.a.j.t.JMeterThread: Thread started: Thread Group 1-37
2025-12-08 22:51:50,192 INFO o.a.j.t.JMeterThread: Thread started: Thread Group 1-38
2025-12-08 22:51:51,189 INFO o.a.j.t.JMeterThread: Thread started: Thread Group 1-39
2025-12-08 22:51:52,186 INFO o.a.j.t.JMeterThread: Thread started: Thread Group 1-40
2025-12-08 22:51:53,188 INFO o.a.j.t.JMeterThread: Thread started: Thread Group 1-41
2025-12-08 22:51:54,190 INFO o.a.j.t.JMeterThread: Thread started: Thread Group 1-42
2025-12-08 22:51:55,191 INFO o.a.j.t.JMeterThread: Thread started: Thread Group 1-43
2025-12-08 22:51:56,190 INFO o.a.j.t.JMeterThread: Thread started: Thread Group 1-44
2025-12-08 22:51:57,186 INFO o.a.j.t.JMeterThread: Thread started: Thread Group 1-45
2025-12-08 22:51:58,188 INFO o.a.j.t.JMeterThread: Thread started: Thread Group 1-46
2025-12-08 22:51:59,187 INFO o.a.j.t.JMeterThread: Thread started: Thread Group 1-47
2025-12-08 22:52:00,022 INFO o.a.j.r.Summariser: summary +   3030 in 00:00:30 =  100.9/s Avg:     1 Min:     0 Max:    35 Err:     0 (0.00%) Active: 47 Started: 47 Finished: 0
2025-12-08 22:52:00,023 INFO o.a.j.r.Summariser: summary =   4718 in 00:00:47 =  100.6/s Avg:     1 Min:     0 Max:    35 Err:     0 (0.00%)
2025-12-08 22:52:00,190 INFO o.a.j.t.JMeterThread: Thread started: Thread Group 1-48
2025-12-08 22:52:01,186 INFO o.a.j.t.JMeterThread: Thread started: Thread Group 1-49
2025-12-08 22:52:02,187 INFO o.a.j.t.JMeterThread: Thread started: Thread Group 1-50
2025-12-08 22:52:03,185 INFO o.a.j.t.JMeterThread: Thread started: Thread Group 1-51
2025-12-08 22:52:04,186 INFO o.a.j.t.JMeterThread: Thread started: Thread Group 1-52
2025-12-08 22:52:05,185 INFO o.a.j.t.JMeterThread: Thread started: Thread Group 1-53
2025-12-08 22:52:06,186 INFO o.a.j.t.JMeterThread: Thread started: Thread Group 1-54
2025-12-08 22:52:07,185 INFO o.a.j.t.JMeterThread: Thread started: Thread Group 1-55
2025-12-08 22:52:08,187 INFO o.a.j.t.JMeterThread: Thread started: Thread Group 1-56
2025-12-08 22:52:09,183 INFO o.a.j.t.JMeterThread: Thread started: Thread Group 1-57
2025-12-08 22:52:10,187 INFO o.a.j.t.JMeterThread: Thread started: Thread Group 1-58
2025-12-08 22:52:11,183 INFO o.a.j.t.JMeterThread: Thread started: Thread Group 1-59
2025-12-08 22:52:12,183 INFO o.a.j.t.JMeterThread: Thread started: Thread Group 1-60
2025-12-08 22:52:13,184 INFO o.a.j.t.JMeterThread: Thread started: Thread Group 1-61
2025-12-08 22:52:14,187 INFO o.a.j.t.JMeterThread: Thread started: Thread Group 1-62
2025-12-08 22:52:15,182 INFO o.a.j.t.JMeterThread: Thread started: Thread Group 1-63
2025-12-08 22:52:16,183 INFO o.a.j.t.JMeterThread: Thread started: Thread Group 1-64
2025-12-08 22:52:17,183 INFO o.a.j.t.JMeterThread: Thread started: Thread Group 1-65
2025-12-08 22:52:18,185 INFO o.a.j.t.JMeterThread: Thread started: Thread Group 1-66
2025-12-08 22:52:19,185 INFO o.a.j.t.JMeterThread: Thread started: Thread Group 1-67
2025-12-08 22:52:20,183 INFO o.a.j.t.JMeterThread: Thread started: Thread Group 1-68
2025-12-08 22:52:21,183 INFO o.a.j.t.JMeterThread: Thread started: Thread Group 1-69
2025-12-08 22:52:22,179 INFO o.a.j.t.JMeterThread: Thread started: Thread Group 1-70
2025-12-08 22:52:23,184 INFO o.a.j.t.JMeterThread: Thread started: Thread Group 1-71
2025-12-08 22:52:24,183 INFO o.a.j.t.JMeterThread: Thread started: Thread Group 1-72
2025-12-08 22:52:25,183 INFO o.a.j.t.JMeterThread: Thread started: Thread Group 1-73
2025-12-08 22:52:26,181 INFO o.a.j.t.JMeterThread: Thread started: Thread Group 1-74
2025-12-08 22:52:27,183 INFO o.a.j.t.JMeterThread: Thread started: Thread Group 1-75
2025-12-08 22:52:28,183 INFO o.a.j.t.JMeterThread: Thread started: Thread Group 1-76
2025-12-08 22:52:29,183 INFO o.a.j.t.JMeterThread: Thread started: Thread Group 1-77
2025-12-08 22:52:30,021 INFO o.a.j.r.Summariser: summary +   3032 in 00:00:30 =  101.1/s Avg:     1 Min:     0 Max:    11 Err:     0 (0.00%) Active: 77 Started: 77 Finished: 0
2025-12-08 22:52:30,022 INFO o.a.j.r.Summariser: summary =   7750 in 00:01:17 =  100.8/s Avg:     1 Min:     0 Max:    35 Err:     0 (0.00%)
2025-12-08 22:52:30,180 INFO o.a.j.t.JMeterThread: Thread started: Thread Group 1-78
2025-12-08 22:52:31,177 INFO o.a.j.t.JMeterThread: Thread started: Thread Group 1-79
2025-12-08 22:52:32,181 INFO o.a.j.t.JMeterThread: Thread started: Thread Group 1-80
2025-12-08 22:52:33,181 INFO o.a.j.t.JMeterThread: Thread started: Thread Group 1-81
2025-12-08 22:52:34,178 INFO o.a.j.t.JMeterThread: Thread started: Thread Group 1-82
2025-12-08 22:52:35,176 INFO o.a.j.t.JMeterThread: Thread started: Thread Group 1-83
2025-12-08 22:52:36,179 INFO o.a.j.t.JMeterThread: Thread started: Thread Group 1-84
2025-12-08 22:52:37,180 INFO o.a.j.t.JMeterThread: Thread started: Thread Group 1-85
2025-12-08 22:52:38,179 INFO o.a.j.t.JMeterThread: Thread started: Thread Group 1-86
2025-12-08 22:52:39,182 INFO o.a.j.t.JMeterThread: Thread started: Thread Group 1-87
2025-12-08 22:52:40,180 INFO o.a.j.t.JMeterThread: Thread started: Thread Group 1-88
2025-12-08 22:52:41,175 INFO o.a.j.t.JMeterThread: Thread started: Thread Group 1-89
2025-12-08 22:52:42,179 INFO o.a.j.t.JMeterThread: Thread started: Thread Group 1-90
2025-12-08 22:52:43,180 INFO o.a.j.t.JMeterThread: Thread started: Thread Group 1-91
2025-12-08 22:52:44,181 INFO o.a.j.t.JMeterThread: Thread started: Thread Group 1-92
2025-12-08 22:52:45,181 INFO o.a.j.t.JMeterThread: Thread started: Thread Group 1-93
2025-12-08 22:52:46,177 INFO o.a.j.t.JMeterThread: Thread started: Thread Group 1-94
2025-12-08 22:52:47,178 INFO o.a.j.t.JMeterThread: Thread started: Thread Group 1-95
2025-12-08 22:52:48,180 INFO o.a.j.t.JMeterThread: Thread started: Thread Group 1-96
2025-12-08 22:52:49,180 INFO o.a.j.t.JMeterThread: Thread started: Thread Group 1-97
2025-12-08 22:52:50,175 INFO o.a.j.t.JMeterThread: Thread started: Thread Group 1-98
2025-12-08 22:52:51,181 INFO o.a.j.t.JMeterThread: Thread started: Thread Group 1-99
2025-12-08 22:52:52,176 INFO o.a.j.t.JMeterThread: Thread started: Thread Group 1-100
2025-12-08 22:53:00,006 INFO o.a.j.r.Summariser: summary +   3020 in 00:00:30 =  100.7/s Avg:     1 Min:     0 Max:    13 Err:     0 (0.00%) Active: 100 Started: 100 Finished: 0
2025-12-08 22:53:00,008 INFO o.a.j.r.Summariser: summary =  10770 in 00:01:47 =  100.8/s Avg:     1 Min:     0 Max:    35 Err:     0 (0.00%)
2025-12-08 22:53:30,006 INFO o.a.j.r.Summariser: summary +   3000 in 00:00:30 =  100.0/s Avg:     1 Min:     0 Max:     9 Err:     0 (0.00%) Active: 100 Started: 100 Finished: 0
2025-12-08 22:53:30,008 INFO o.a.j.r.Summariser: summary =  13770 in 00:02:17 =  100.6/s Avg:     1 Min:     0 Max:    35 Err:     0 (0.00%)
2025-12-08 22:54:00,005 INFO o.a.j.r.Summariser: summary +   3000 in 00:00:30 =  100.0/s Avg:     1 Min:     0 Max:     8 Err:     0 (0.00%) Active: 100 Started: 100 Finished: 0
2025-12-08 22:54:00,007 INFO o.a.j.r.Summariser: summary =  16770 in 00:02:47 =  100.5/s Avg:     1 Min:     0 Max:    35 Err:     0 (0.00%)
2025-12-08 22:54:30,008 INFO o.a.j.r.Summariser: summary +   3000 in 00:00:30 =  100.0/s Avg:     1 Min:     0 Max:    25 Err:     0 (0.00%) Active: 100 Started: 100 Finished: 0
2025-12-08 22:54:30,011 INFO o.a.j.r.Summariser: summary =  19770 in 00:03:17 =  100.4/s Avg:     1 Min:     0 Max:    35 Err:     0 (0.00%)
2025-12-08 22:55:00,016 INFO o.a.j.r.Summariser: summary +   3000 in 00:00:30 =  100.0/s Avg:     1 Min:     0 Max:    61 Err:     0 (0.00%) Active: 100 Started: 100 Finished: 0
2025-12-08 22:55:00,019 INFO o.a.j.r.Summariser: summary =  22770 in 00:03:47 =  100.4/s Avg:     1 Min:     0 Max:    61 Err:     0 (0.00%)
2025-12-08 22:55:30,004 INFO o.a.j.r.Summariser: summary +   3000 in 00:00:30 =  100.0/s Avg:     1 Min:     0 Max:    22 Err:     0 (0.00%) Active: 100 Started: 100 Finished: 0
2025-12-08 22:55:30,009 INFO o.a.j.r.Summariser: summary =  25770 in 00:04:17 =  100.3/s Avg:     1 Min:     0 Max:    61 Err:     0 (0.00%)
2025-12-08 22:56:00,011 INFO o.a.j.r.Summariser: summary +   3000 in 00:00:30 =  100.0/s Avg:     1 Min:     0 Max:    57 Err:     0 (0.00%) Active: 100 Started: 100 Finished: 0
2025-12-08 22:56:00,014 INFO o.a.j.r.Summariser: summary =  28770 in 00:04:47 =  100.3/s Avg:     1 Min:     0 Max:    61 Err:     0 (0.00%)
2025-12-08 22:56:30,007 INFO o.a.j.r.Summariser: summary +   3000 in 00:00:30 =  100.0/s Avg:     1 Min:     0 Max:    38 Err:     0 (0.00%) Active: 100 Started: 100 Finished: 0
2025-12-08 22:56:30,011 INFO o.a.j.r.Summariser: summary =  31770 in 00:05:17 =  100.3/s Avg:     1 Min:     0 Max:    61 Err:     0 (0.00%)
2025-12-08 22:57:00,007 INFO o.a.j.r.Summariser: summary +   3000 in 00:00:30 =  100.0/s Avg:     1 Min:     0 Max:    25 Err:     0 (0.00%) Active: 100 Started: 100 Finished: 0
2025-12-08 22:57:00,009 INFO o.a.j.r.Summariser: summary =  34770 in 00:05:47 =  100.2/s Avg:     1 Min:     0 Max:    61 Err:     0 (0.00%)
2025-12-08 22:57:30,003 INFO o.a.j.r.Summariser: summary +   3000 in 00:00:30 =  100.0/s Avg:     1 Min:     0 Max:    11 Err:     0 (0.00%) Active: 100 Started: 100 Finished: 0
2025-12-08 22:57:30,006 INFO o.a.j.r.Summariser: summary =  37770 in 00:06:17 =  100.2/s Avg:     1 Min:     0 Max:    61 Err:     0 (0.00%)
2025-12-08 22:58:00,005 INFO o.a.j.r.Summariser: summary +   3000 in 00:00:30 =  100.0/s Avg:     1 Min:     0 Max:    12 Err:     0 (0.00%) Active: 100 Started: 100 Finished: 0
2025-12-08 22:58:00,006 INFO o.a.j.r.Summariser: summary =  40770 in 00:06:47 =  100.2/s Avg:     1 Min:     0 Max:    61 Err:     0 (0.00%)
2025-12-08 22:58:30,007 INFO o.a.j.r.Summariser: summary +   3000 in 00:00:30 =  100.0/s Avg:     1 Min:     0 Max:    25 Err:     0 (0.00%) Active: 100 Started: 100 Finished: 0
2025-12-08 22:58:30,009 INFO o.a.j.r.Summariser: summary =  43770 in 00:07:17 =  100.2/s Avg:     1 Min:     0 Max:    61 Err:     0 (0.00%)
2025-12-08 22:59:00,007 INFO o.a.j.r.Summariser: summary +   3000 in 00:00:30 =  100.0/s Avg:     1 Min:     0 Max:    16 Err:     0 (0.00%) Active: 100 Started: 100 Finished: 0
2025-12-08 22:59:00,009 INFO o.a.j.r.Summariser: summary =  46770 in 00:07:47 =  100.2/s Avg:     1 Min:     0 Max:    61 Err:     0 (0.00%)
2025-12-08 22:59:30,011 INFO o.a.j.r.Summariser: summary +   3000 in 00:00:30 =  100.0/s Avg:     1 Min:     0 Max:    67 Err:     0 (0.00%) Active: 100 Started: 100 Finished: 0
2025-12-08 22:59:30,020 INFO o.a.j.r.Summariser: summary =  49770 in 00:08:17 =  100.2/s Avg:     1 Min:     0 Max:    67 Err:     0 (0.00%)
2025-12-08 23:00:00,013 INFO o.a.j.r.Summariser: summary +   3000 in 00:00:30 =  100.0/s Avg:     1 Min:     0 Max:    45 Err:     0 (0.00%) Active: 100 Started: 100 Finished: 0
2025-12-08 23:00:00,016 INFO o.a.j.r.Summariser: summary =  52770 in 00:08:47 =  100.2/s Avg:     1 Min:     0 Max:    67 Err:     0 (0.00%)
2025-12-08 23:00:30,011 INFO o.a.j.r.Summariser: summary +   3000 in 00:00:30 =  100.0/s Avg:     1 Min:     0 Max:    40 Err:     0 (0.00%) Active: 100 Started: 100 Finished: 0
2025-12-08 23:00:30,029 INFO o.a.j.r.Summariser: summary =  55770 in 00:09:17 =  100.2/s Avg:     1 Min:     0 Max:    67 Err:     0 (0.00%)
2025-12-08 23:01:00,004 INFO o.a.j.r.Summariser: summary +   3000 in 00:00:30 =  100.0/s Avg:     1 Min:     0 Max:    45 Err:     0 (0.00%) Active: 100 Started: 100 Finished: 0
2025-12-08 23:01:00,006 INFO o.a.j.r.Summariser: summary =  58770 in 00:09:47 =  100.1/s Avg:     1 Min:     0 Max:    67 Err:     0 (0.00%)
2025-12-08 23:01:30,006 INFO o.a.j.r.Summariser: summary +   3000 in 00:00:30 =  100.0/s Avg:     1 Min:     0 Max:    24 Err:     0 (0.00%) Active: 100 Started: 100 Finished: 0
2025-12-08 23:01:30,007 INFO o.a.j.r.Summariser: summary =  61770 in 00:10:17 =  100.1/s Avg:     1 Min:     0 Max:    67 Err:     0 (0.00%)
2025-12-08 23:02:00,006 INFO o.a.j.r.Summariser: summary +   3000 in 00:00:30 =  100.0/s Avg:     1 Min:     0 Max:    50 Err:     0 (0.00%) Active: 100 Started: 100 Finished: 0
2025-12-08 23:02:00,009 INFO o.a.j.r.Summariser: summary =  64770 in 00:10:47 =  100.1/s Avg:     1 Min:     0 Max:    67 Err:     0 (0.00%)
2025-12-08 23:02:30,006 INFO o.a.j.r.Summariser: summary +   3000 in 00:00:30 =  100.0/s Avg:     2 Min:     0 Max:    79 Err:     0 (0.00%) Active: 100 Started: 100 Finished: 0
2025-12-08 23:02:30,008 INFO o.a.j.r.Summariser: summary =  67770 in 00:11:17 =  100.1/s Avg:     1 Min:     0 Max:    79 Err:     0 (0.00%)
2025-12-08 23:03:00,026 INFO o.a.j.r.Summariser: summary +   3000 in 00:00:30 =  100.0/s Avg:     1 Min:     0 Max:    20 Err:     0 (0.00%) Active: 100 Started: 100 Finished: 0
2025-12-08 23:03:00,028 INFO o.a.j.r.Summariser: summary =  70770 in 00:11:47 =  100.1/s Avg:     1 Min:     0 Max:    79 Err:     0 (0.00%)
2025-12-08 23:03:30,006 INFO o.a.j.r.Summariser: summary +   3000 in 00:00:30 =  100.1/s Avg:     1 Min:     0 Max:    18 Err:     0 (0.00%) Active: 100 Started: 100 Finished: 0
2025-12-08 23:03:30,008 INFO o.a.j.r.Summariser: summary =  73770 in 00:12:17 =  100.1/s Avg:     1 Min:     0 Max:    79 Err:     0 (0.00%)
2025-12-08 23:04:00,010 INFO o.a.j.r.Summariser: summary +   3000 in 00:00:30 =  100.0/s Avg:     1 Min:     0 Max:    71 Err:     0 (0.00%) Active: 100 Started: 100 Finished: 0
2025-12-08 23:04:00,012 INFO o.a.j.r.Summariser: summary =  76770 in 00:12:47 =  100.1/s Avg:     1 Min:     0 Max:    79 Err:     0 (0.00%)
2025-12-08 23:04:30,004 INFO o.a.j.r.Summariser: summary +   3000 in 00:00:30 =  100.0/s Avg:     1 Min:     0 Max:    14 Err:     0 (0.00%) Active: 100 Started: 100 Finished: 0
2025-12-08 23:04:30,008 INFO o.a.j.r.Summariser: summary =  79770 in 00:13:17 =  100.1/s Avg:     1 Min:     0 Max:    79 Err:     0 (0.00%)
2025-12-08 23:05:00,011 INFO o.a.j.r.Summariser: summary +   3000 in 00:00:30 =  100.0/s Avg:     1 Min:     0 Max:    31 Err:     0 (0.00%) Active: 100 Started: 100 Finished: 0
2025-12-08 23:05:00,012 INFO o.a.j.r.Summariser: summary =  82770 in 00:13:47 =  100.1/s Avg:     1 Min:     0 Max:    79 Err:     0 (0.00%)
2025-12-08 23:05:30,007 INFO o.a.j.r.Summariser: summary +   3000 in 00:00:30 =  100.0/s Avg:     1 Min:     0 Max:    33 Err:     0 (0.00%) Active: 100 Started: 100 Finished: 0
2025-12-08 23:05:30,010 INFO o.a.j.r.Summariser: summary =  85770 in 00:14:17 =  100.1/s Avg:     1 Min:     0 Max:    79 Err:     0 (0.00%)
2025-12-08 23:06:00,007 INFO o.a.j.r.Summariser: summary +   3000 in 00:00:30 =  100.0/s Avg:     1 Min:     0 Max:    17 Err:     0 (0.00%) Active: 100 Started: 100 Finished: 0
2025-12-08 23:06:00,009 INFO o.a.j.r.Summariser: summary =  88770 in 00:14:47 =  100.1/s Avg:     1 Min:     0 Max:    79 Err:     0 (0.00%)
2025-12-08 23:06:30,009 INFO o.a.j.r.Summariser: summary +   3000 in 00:00:30 =  100.0/s Avg:     1 Min:     0 Max:    83 Err:     0 (0.00%) Active: 100 Started: 100 Finished: 0
2025-12-08 23:06:30,012 INFO o.a.j.r.Summariser: summary =  91770 in 00:15:17 =  100.1/s Avg:     1 Min:     0 Max:    83 Err:     0 (0.00%)
2025-12-08 23:07:00,005 INFO o.a.j.r.Summariser: summary +   3000 in 00:00:30 =  100.0/s Avg:     1 Min:     0 Max:    25 Err:     0 (0.00%) Active: 100 Started: 100 Finished: 0
2025-12-08 23:07:00,010 INFO o.a.j.r.Summariser: summary =  94770 in 00:15:47 =  100.1/s Avg:     1 Min:     0 Max:    83 Err:     0 (0.00%)
2025-12-08 23:07:30,005 INFO o.a.j.r.Summariser: summary +   3000 in 00:00:30 =  100.0/s Avg:     1 Min:     0 Max:    21 Err:     0 (0.00%) Active: 100 Started: 100 Finished: 0
2025-12-08 23:07:30,007 INFO o.a.j.r.Summariser: summary =  97770 in 00:16:17 =  100.1/s Avg:     1 Min:     0 Max:    83 Err:     0 (0.00%)
2025-12-08 23:08:00,027 INFO o.a.j.r.Summariser: summary +   3000 in 00:00:30 =  100.0/s Avg:     1 Min:     0 Max:    19 Err:     0 (0.00%) Active: 100 Started: 100 Finished: 0
2025-12-08 23:08:00,028 INFO o.a.j.r.Summariser: summary = 100770 in 00:16:47 =  100.1/s Avg:     1 Min:     0 Max:    83 Err:     0 (0.00%)
2025-12-08 23:08:30,007 INFO o.a.j.r.Summariser: summary +   3000 in 00:00:30 =  100.1/s Avg:     1 Min:     0 Max:    37 Err:     0 (0.00%) Active: 100 Started: 100 Finished: 0
2025-12-08 23:08:30,011 INFO o.a.j.r.Summariser: summary = 103770 in 00:17:17 =  100.1/s Avg:     1 Min:     0 Max:    83 Err:     0 (0.00%)
2025-12-08 23:09:00,006 INFO o.a.j.r.Summariser: summary +   3000 in 00:00:30 =  100.0/s Avg:     1 Min:     0 Max:    45 Err:     0 (0.00%) Active: 100 Started: 100 Finished: 0
2025-12-08 23:09:00,008 INFO o.a.j.r.Summariser: summary = 106770 in 00:17:47 =  100.1/s Avg:     1 Min:     0 Max:    83 Err:     0 (0.00%)
2025-12-08 23:09:30,002 INFO o.a.j.r.Summariser: summary +   3000 in 00:00:30 =  100.0/s Avg:     1 Min:     0 Max:    25 Err:     0 (0.00%) Active: 100 Started: 100 Finished: 0
2025-12-08 23:09:30,009 INFO o.a.j.r.Summariser: summary = 109770 in 00:18:17 =  100.1/s Avg:     1 Min:     0 Max:    83 Err:     0 (0.00%)
2025-12-08 23:10:00,007 INFO o.a.j.r.Summariser: summary +   3000 in 00:00:30 =  100.0/s Avg:     1 Min:     0 Max:    44 Err:     0 (0.00%) Active: 100 Started: 100 Finished: 0
2025-12-08 23:10:00,009 INFO o.a.j.r.Summariser: summary = 112770 in 00:18:47 =  100.1/s Avg:     1 Min:     0 Max:    83 Err:     0 (0.00%)
2025-12-08 23:10:30,002 INFO o.a.j.r.Summariser: summary +   3000 in 00:00:30 =  100.0/s Avg:     1 Min:     0 Max:    66 Err:     0 (0.00%) Active: 100 Started: 100 Finished: 0
2025-12-08 23:10:30,004 INFO o.a.j.r.Summariser: summary = 115770 in 00:19:17 =  100.1/s Avg:     1 Min:     0 Max:    83 Err:     0 (0.00%)
2025-12-08 23:11:00,014 INFO o.a.j.r.Summariser: summary +   3000 in 00:00:30 =  100.0/s Avg:     1 Min:     0 Max:    58 Err:     0 (0.00%) Active: 100 Started: 100 Finished: 0
2025-12-08 23:11:00,016 INFO o.a.j.r.Summariser: summary = 118770 in 00:19:47 =  100.1/s Avg:     1 Min:     0 Max:    83 Err:     0 (0.00%)
2025-12-08 23:11:30,010 INFO o.a.j.r.Summariser: summary +   3000 in 00:00:30 =  100.0/s Avg:     1 Min:     0 Max:    42 Err:     0 (0.00%) Active: 100 Started: 100 Finished: 0
2025-12-08 23:11:30,012 INFO o.a.j.r.Summariser: summary = 121770 in 00:20:17 =  100.1/s Avg:     1 Min:     0 Max:    83 Err:     0 (0.00%)
2025-12-08 23:12:00,006 INFO o.a.j.r.Summariser: summary +   3000 in 00:00:30 =  100.0/s Avg:     1 Min:     0 Max:    24 Err:     0 (0.00%) Active: 100 Started: 100 Finished: 0
2025-12-08 23:12:00,008 INFO o.a.j.r.Summariser: summary = 124770 in 00:20:47 =  100.1/s Avg:     1 Min:     0 Max:    83 Err:     0 (0.00%)
2025-12-08 23:13:30,006 INFO o.a.j.r.Summariser: summary +   3307 in 00:01:30 =   36.7/s Avg:    38 Min:     0 Max: 22722 Err:     0 (0.00%) Active: 100 Started: 100 Finished: 0
2025-12-08 23:13:30,008 INFO o.a.j.r.Summariser: summary = 128077 in 00:22:17 =   95.8/s Avg:     2 Min:     0 Max: 22722 Err:     0 (0.00%)
2025-12-08 23:14:00,005 INFO o.a.j.r.Summariser: summary +   2999 in 00:00:30 =  100.0/s Avg:     1 Min:     0 Max:    10 Err:     0 (0.00%) Active: 100 Started: 100 Finished: 0
2025-12-08 23:14:00,006 INFO o.a.j.r.Summariser: summary = 131076 in 00:22:47 =   95.9/s Avg:     2 Min:     0 Max: 22722 Err:     0 (0.00%)
2025-12-08 23:14:30,009 INFO o.a.j.r.Summariser: summary +   3002 in 00:00:30 =  100.1/s Avg:     1 Min:     0 Max:    16 Err:     0 (0.00%) Active: 100 Started: 100 Finished: 0
2025-12-08 23:14:30,010 INFO o.a.j.r.Summariser: summary = 134078 in 00:23:17 =   96.0/s Avg:     2 Min:     0 Max: 22722 Err:     0 (0.00%)
2025-12-08 23:15:00,004 INFO o.a.j.r.Summariser: summary +   2998 in 00:00:30 =  100.0/s Avg:     2 Min:     0 Max:    14 Err:     0 (0.00%) Active: 100 Started: 100 Finished: 0
2025-12-08 23:15:00,005 INFO o.a.j.r.Summariser: summary = 137076 in 00:23:47 =   96.1/s Avg:     2 Min:     0 Max: 22722 Err:     0 (0.00%)
2025-12-08 23:15:30,001 INFO o.a.j.r.Summariser: summary +   3000 in 00:00:30 =  100.0/s Avg:     2 Min:     0 Max:    15 Err:     0 (0.00%) Active: 100 Started: 100 Finished: 0
2025-12-08 23:15:30,003 INFO o.a.j.r.Summariser: summary = 140076 in 00:24:17 =   96.1/s Avg:     2 Min:     0 Max: 22722 Err:     0 (0.00%)
2025-12-08 23:16:00,009 INFO o.a.j.r.Summariser: summary +   3000 in 00:00:30 =  100.0/s Avg:     2 Min:     0 Max:     9 Err:     0 (0.00%) Active: 100 Started: 100 Finished: 0
2025-12-08 23:16:00,011 INFO o.a.j.r.Summariser: summary = 143076 in 00:24:47 =   96.2/s Avg:     2 Min:     0 Max: 22722 Err:     0 (0.00%)
2025-12-08 23:16:30,000 INFO o.a.j.r.Summariser: summary +   3000 in 00:00:30 =  100.0/s Avg:     2 Min:     0 Max:    14 Err:     0 (0.00%) Active: 100 Started: 100 Finished: 0
2025-12-08 23:16:30,001 INFO o.a.j.r.Summariser: summary = 146076 in 00:25:17 =   96.3/s Avg:     2 Min:     0 Max: 22722 Err:     0 (0.00%)
2025-12-08 23:17:00,005 INFO o.a.j.r.Summariser: summary +   3000 in 00:00:30 =  100.0/s Avg:     1 Min:     0 Max:    12 Err:     0 (0.00%) Active: 100 Started: 100 Finished: 0
2025-12-08 23:17:00,006 INFO o.a.j.r.Summariser: summary = 149076 in 00:25:47 =   96.4/s Avg:     2 Min:     0 Max: 22722 Err:     0 (0.00%)
2025-12-08 23:17:30,003 INFO o.a.j.r.Summariser: summary +   3001 in 00:00:30 =  100.0/s Avg:     1 Min:     0 Max:    16 Err:     0 (0.00%) Active: 100 Started: 100 Finished: 0
2025-12-08 23:17:30,004 INFO o.a.j.r.Summariser: summary = 152077 in 00:26:17 =   96.4/s Avg:     2 Min:     0 Max: 22722 Err:     0 (0.00%)
2025-12-08 23:18:00,004 INFO o.a.j.r.Summariser: summary +   3000 in 00:00:30 =  100.0/s Avg:     2 Min:     0 Max:    15 Err:     0 (0.00%) Active: 100 Started: 100 Finished: 0
2025-12-08 23:18:00,004 INFO o.a.j.r.Summariser: summary = 155077 in 00:26:47 =   96.5/s Avg:     2 Min:     0 Max: 22722 Err:     0 (0.00%)
2025-12-08 23:18:30,003 INFO o.a.j.r.Summariser: summary +   3000 in 00:00:30 =  100.0/s Avg:     1 Min:     0 Max:    24 Err:     0 (0.00%) Active: 100 Started: 100 Finished: 0
2025-12-08 23:18:30,004 INFO o.a.j.r.Summariser: summary = 158077 in 00:27:17 =   96.6/s Avg:     2 Min:     0 Max: 22722 Err:     0 (0.00%)
2025-12-08 23:19:00,003 INFO o.a.j.r.Summariser: summary +   2999 in 00:00:30 =  100.0/s Avg:     2 Min:     0 Max:    13 Err:     0 (0.00%) Active: 100 Started: 100 Finished: 0
2025-12-08 23:19:00,004 INFO o.a.j.r.Summariser: summary = 161076 in 00:27:47 =   96.6/s Avg:     2 Min:     0 Max: 22722 Err:     0 (0.00%)
2025-12-08 23:19:30,003 INFO o.a.j.r.Summariser: summary +   3000 in 00:00:30 =  100.0/s Avg:     2 Min:     0 Max:    10 Err:     0 (0.00%) Active: 100 Started: 100 Finished: 0
2025-12-08 23:19:30,005 INFO o.a.j.r.Summariser: summary = 164076 in 00:28:17 =   96.7/s Avg:     2 Min:     0 Max: 22722 Err:     0 (0.00%)
2025-12-08 23:20:00,000 INFO o.a.j.r.Summariser: summary +   3001 in 00:00:30 =  100.0/s Avg:     2 Min:     0 Max:    21 Err:     0 (0.00%) Active: 100 Started: 100 Finished: 0
2025-12-08 23:20:00,001 INFO o.a.j.r.Summariser: summary = 167077 in 00:28:47 =   96.8/s Avg:     2 Min:     0 Max: 22722 Err:     0 (0.00%)
2025-12-08 23:20:30,001 INFO o.a.j.r.Summariser: summary +   3000 in 00:00:30 =  100.0/s Avg:     2 Min:     0 Max:    13 Err:     0 (0.00%) Active: 100 Started: 100 Finished: 0
2025-12-08 23:20:30,002 INFO o.a.j.r.Summariser: summary = 170077 in 00:29:17 =   96.8/s Avg:     2 Min:     0 Max: 22722 Err:     0 (0.00%)
2025-12-08 23:21:00,012 INFO o.a.j.r.Summariser: summary +   2999 in 00:00:30 =   99.9/s Avg:     2 Min:     0 Max:    13 Err:     0 (0.00%) Active: 100 Started: 100 Finished: 0
2025-12-08 23:21:00,014 INFO o.a.j.r.Summariser: summary = 173076 in 00:29:47 =   96.9/s Avg:     2 Min:     0 Max: 22722 Err:     0 (0.00%)
2025-12-08 23:21:30,003 INFO o.a.j.r.Summariser: summary +   3000 in 00:00:30 =  100.0/s Avg:     2 Min:     0 Max:    16 Err:     0 (0.00%) Active: 100 Started: 100 Finished: 0
2025-12-08 23:21:30,004 INFO o.a.j.r.Summariser: summary = 176076 in 00:30:17 =   96.9/s Avg:     2 Min:     0 Max: 22722 Err:     0 (0.00%)
2025-12-08 23:22:00,001 INFO o.a.j.r.Summariser: summary +   3000 in 00:00:30 =  100.0/s Avg:     2 Min:     0 Max:    10 Err:     0 (0.00%) Active: 100 Started: 100 Finished: 0
2025-12-08 23:22:00,002 INFO o.a.j.r.Summariser: summary = 179076 in 00:30:47 =   97.0/s Avg:     2 Min:     0 Max: 22722 Err:     0 (0.00%)
2025-12-08 23:22:30,008 INFO o.a.j.r.Summariser: summary +   3002 in 00:00:30 =  100.0/s Avg:     2 Min:     0 Max:    12 Err:     0 (0.00%) Active: 100 Started: 100 Finished: 0
2025-12-08 23:22:30,009 INFO o.a.j.r.Summariser: summary = 182078 in 00:31:17 =   97.0/s Avg:     2 Min:     0 Max: 22722 Err:     0 (0.00%)
2025-12-08 23:23:00,003 INFO o.a.j.r.Summariser: summary +   2998 in 00:00:30 =   99.9/s Avg:     2 Min:     0 Max:    14 Err:     0 (0.00%) Active: 100 Started: 100 Finished: 0
2025-12-08 23:23:00,005 INFO o.a.j.r.Summariser: summary = 185076 in 00:31:47 =   97.1/s Avg:     2 Min:     0 Max: 22722 Err:     0 (0.00%)
2025-12-08 23:23:30,002 INFO o.a.j.r.Summariser: summary +   3000 in 00:00:30 =  100.0/s Avg:     2 Min:     0 Max:    15 Err:     0 (0.00%) Active: 100 Started: 100 Finished: 0
2025-12-08 23:23:30,003 INFO o.a.j.r.Summariser: summary = 188076 in 00:32:17 =   97.1/s Avg:     2 Min:     0 Max: 22722 Err:     0 (0.00%)
2025-12-08 23:24:00,003 INFO o.a.j.r.Summariser: summary +   3000 in 00:00:30 =  100.0/s Avg:     2 Min:     0 Max:    18 Err:     0 (0.00%) Active: 100 Started: 100 Finished: 0
2025-12-08 23:24:00,004 INFO o.a.j.r.Summariser: summary = 191076 in 00:32:47 =   97.1/s Avg:     2 Min:     0 Max: 22722 Err:     0 (0.00%)
2025-12-08 23:24:30,001 INFO o.a.j.r.Summariser: summary +   3000 in 00:00:30 =  100.0/s Avg:     2 Min:     0 Max:    13 Err:     0 (0.00%) Active: 100 Started: 100 Finished: 0
2025-12-08 23:24:30,002 INFO o.a.j.r.Summariser: summary = 194076 in 00:33:17 =   97.2/s Avg:     2 Min:     0 Max: 22722 Err:     0 (0.00%)
2025-12-08 23:25:00,002 INFO o.a.j.r.Summariser: summary +   3001 in 00:00:30 =  100.0/s Avg:     2 Min:     0 Max:    10 Err:     0 (0.00%) Active: 100 Started: 100 Finished: 0
2025-12-08 23:25:00,003 INFO o.a.j.r.Summariser: summary = 197077 in 00:33:47 =   97.2/s Avg:     2 Min:     0 Max: 22722 Err:     0 (0.00%)
2025-12-08 23:25:30,000 INFO o.a.j.r.Summariser: summary +   3000 in 00:00:30 =  100.0/s Avg:     2 Min:     0 Max:    11 Err:     0 (0.00%) Active: 100 Started: 100 Finished: 0
2025-12-08 23:25:30,002 INFO o.a.j.r.Summariser: summary = 200077 in 00:34:17 =   97.3/s Avg:     2 Min:     0 Max: 22722 Err:     0 (0.00%)
2025-12-08 23:26:00,000 INFO o.a.j.r.Summariser: summary +   2999 in 00:00:30 =  100.0/s Avg:     2 Min:     0 Max:    10 Err:     0 (0.00%) Active: 100 Started: 100 Finished: 0
2025-12-08 23:26:00,002 INFO o.a.j.r.Summariser: summary = 203076 in 00:34:47 =   97.3/s Avg:     2 Min:     0 Max: 22722 Err:     0 (0.00%)
2025-12-08 23:26:30,001 INFO o.a.j.r.Summariser: summary +   3000 in 00:00:30 =  100.0/s Avg:     2 Min:     0 Max:    19 Err:     0 (0.00%) Active: 100 Started: 100 Finished: 0
2025-12-08 23:26:30,002 INFO o.a.j.r.Summariser: summary = 206076 in 00:35:17 =   97.3/s Avg:     2 Min:     0 Max: 22722 Err:     0 (0.00%)
2025-12-08 23:27:00,008 INFO o.a.j.r.Summariser: summary +   3000 in 00:00:30 =  100.0/s Avg:     2 Min:     0 Max:     8 Err:     0 (0.00%) Active: 100 Started: 100 Finished: 0
2025-12-08 23:27:00,010 INFO o.a.j.r.Summariser: summary = 209076 in 00:35:47 =   97.4/s Avg:     2 Min:     0 Max: 22722 Err:     0 (0.00%)
2025-12-08 23:27:30,005 INFO o.a.j.r.Summariser: summary +   3002 in 00:00:30 =  100.1/s Avg:     2 Min:     0 Max:    24 Err:     0 (0.00%) Active: 100 Started: 100 Finished: 0
2025-12-08 23:27:30,006 INFO o.a.j.r.Summariser: summary = 212078 in 00:36:17 =   97.4/s Avg:     2 Min:     0 Max: 22722 Err:     0 (0.00%)
2025-12-08 23:28:00,002 INFO o.a.j.r.Summariser: summary +   2998 in 00:00:30 =   99.9/s Avg:     2 Min:     0 Max:    30 Err:     0 (0.00%) Active: 100 Started: 100 Finished: 0
2025-12-08 23:28:00,003 INFO o.a.j.r.Summariser: summary = 215076 in 00:36:47 =   97.5/s Avg:     2 Min:     0 Max: 22722 Err:     0 (0.00%)
2025-12-08 23:28:30,000 INFO o.a.j.r.Summariser: summary +   3000 in 00:00:30 =  100.0/s Avg:     3 Min:     0 Max:    34 Err:     0 (0.00%) Active: 100 Started: 100 Finished: 0
2025-12-08 23:28:30,001 INFO o.a.j.r.Summariser: summary = 218076 in 00:37:17 =   97.5/s Avg:     2 Min:     0 Max: 22722 Err:     0 (0.00%)
2025-12-08 23:29:00,010 INFO o.a.j.r.Summariser: summary +   3000 in 00:00:30 =  100.0/s Avg:     2 Min:     0 Max:    22 Err:     0 (0.00%) Active: 100 Started: 100 Finished: 0
2025-12-08 23:29:00,013 INFO o.a.j.r.Summariser: summary = 221076 in 00:37:47 =   97.5/s Avg:     2 Min:     0 Max: 22722 Err:     0 (0.00%)
2025-12-08 23:29:30,007 INFO o.a.j.r.Summariser: summary +   3000 in 00:00:30 =  100.0/s Avg:     3 Min:     0 Max:    39 Err:     0 (0.00%) Active: 100 Started: 100 Finished: 0
2025-12-08 23:29:30,009 INFO o.a.j.r.Summariser: summary = 224076 in 00:38:17 =   97.6/s Avg:     2 Min:     0 Max: 22722 Err:     0 (0.00%)
2025-12-08 23:30:00,008 INFO o.a.j.r.Summariser: summary +   3002 in 00:00:30 =  100.1/s Avg:     2 Min:     0 Max:    77 Err:     0 (0.00%) Active: 100 Started: 100 Finished: 0
2025-12-08 23:30:00,010 INFO o.a.j.r.Summariser: summary = 227078 in 00:38:47 =   97.6/s Avg:     2 Min:     0 Max: 22722 Err:     0 (0.00%)
2025-12-08 23:30:30,003 INFO o.a.j.r.Summariser: summary +   2998 in 00:00:30 =   99.9/s Avg:     2 Min:     0 Max:    18 Err:     0 (0.00%) Active: 100 Started: 100 Finished: 0
2025-12-08 23:30:30,005 INFO o.a.j.r.Summariser: summary = 230076 in 00:39:17 =   97.6/s Avg:     2 Min:     0 Max: 22722 Err:     0 (0.00%)
2025-12-08 23:31:00,004 INFO o.a.j.r.Summariser: summary +   3000 in 00:00:30 =  100.0/s Avg:     2 Min:     0 Max:    17 Err:     0 (0.00%) Active: 100 Started: 100 Finished: 0
2025-12-08 23:31:00,005 INFO o.a.j.r.Summariser: summary = 233076 in 00:39:47 =   97.6/s Avg:     2 Min:     0 Max: 22722 Err:     0 (0.00%)
2025-12-08 23:31:30,009 INFO o.a.j.r.Summariser: summary +   3002 in 00:00:30 =  100.0/s Avg:     2 Min:     0 Max:    18 Err:     0 (0.00%) Active: 100 Started: 100 Finished: 0
2025-12-08 23:31:30,011 INFO o.a.j.r.Summariser: summary = 236078 in 00:40:17 =   97.7/s Avg:     2 Min:     0 Max: 22722 Err:     0 (0.00%)
2025-12-08 23:32:00,005 INFO o.a.j.r.Summariser: summary +   2998 in 00:00:30 =   99.9/s Avg:     2 Min:     0 Max:    16 Err:     0 (0.00%) Active: 100 Started: 100 Finished: 0
2025-12-08 23:32:00,006 INFO o.a.j.r.Summariser: summary = 239076 in 00:40:47 =   97.7/s Avg:     2 Min:     0 Max: 22722 Err:     0 (0.00%)
2025-12-08 23:32:30,000 INFO o.a.j.r.Summariser: summary +   3000 in 00:00:30 =  100.0/s Avg:     2 Min:     0 Max:    19 Err:     0 (0.00%) Active: 100 Started: 100 Finished: 0
2025-12-08 23:32:30,001 INFO o.a.j.r.Summariser: summary = 242076 in 00:41:17 =   97.7/s Avg:     2 Min:     0 Max: 22722 Err:     0 (0.00%)
2025-12-08 23:33:00,006 INFO o.a.j.r.Summariser: summary +   3000 in 00:00:30 =  100.0/s Avg:     2 Min:     0 Max:    15 Err:     0 (0.00%) Active: 100 Started: 100 Finished: 0
2025-12-08 23:33:00,008 INFO o.a.j.r.Summariser: summary = 245076 in 00:41:47 =   97.8/s Avg:     2 Min:     0 Max: 22722 Err:     0 (0.00%)
2025-12-08 23:33:30,009 INFO o.a.j.r.Summariser: summary +   3002 in 00:00:30 =  100.1/s Avg:     2 Min:     0 Max:    18 Err:     0 (0.00%) Active: 100 Started: 100 Finished: 0
2025-12-08 23:33:30,010 INFO o.a.j.r.Summariser: summary = 248078 in 00:42:17 =   97.8/s Avg:     2 Min:     0 Max: 22722 Err:     0 (0.00%)
2025-12-08 23:34:00,004 INFO o.a.j.r.Summariser: summary +   2998 in 00:00:30 =   99.9/s Avg:     2 Min:     0 Max:    14 Err:     0 (0.00%) Active: 100 Started: 100 Finished: 0
2025-12-08 23:34:00,006 INFO o.a.j.r.Summariser: summary = 251076 in 00:42:47 =   97.8/s Avg:     2 Min:     0 Max: 22722 Err:     0 (0.00%)
2025-12-08 23:34:30,002 INFO o.a.j.r.Summariser: summary +   3000 in 00:00:30 =  100.0/s Avg:     2 Min:     0 Max:    14 Err:     0 (0.00%) Active: 100 Started: 100 Finished: 0
2025-12-08 23:34:30,004 INFO o.a.j.r.Summariser: summary = 254076 in 00:43:17 =   97.8/s Avg:     2 Min:     0 Max: 22722 Err:     0 (0.00%)
2025-12-08 23:35:00,006 INFO o.a.j.r.Summariser: summary +   3000 in 00:00:30 =  100.0/s Avg:     2 Min:     0 Max:     9 Err:     0 (0.00%) Active: 100 Started: 100 Finished: 0
2025-12-08 23:35:00,007 INFO o.a.j.r.Summariser: summary = 257076 in 00:43:47 =   97.9/s Avg:     2 Min:     0 Max: 22722 Err:     0 (0.00%)
2025-12-08 23:35:13,561 INFO o.a.j.t.JMeterThread: Thread is done: Thread Group 1-1
2025-12-08 23:35:13,562 INFO o.a.j.t.JMeterThread: Thread finished: Thread Group 1-1
2025-12-08 23:35:30,337 INFO o.a.j.r.Summariser: summary +   2991 in 00:00:30 =   98.6/s Avg:     2 Min:     0 Max:    13 Err:     0 (0.00%) Active: 99 Started: 100 Finished: 1
2025-12-08 23:35:30,338 INFO o.a.j.r.Summariser: summary = 260067 in 00:44:17 =   97.9/s Avg:     2 Min:     0 Max: 22722 Err:     0 (0.00%)
2025-12-08 23:36:00,035 INFO o.a.j.r.Summariser: summary +   2970 in 00:00:30 =  100.0/s Avg:     2 Min:     0 Max:    12 Err:     0 (0.00%) Active: 99 Started: 100 Finished: 1
2025-12-08 23:36:00,036 INFO o.a.j.r.Summariser: summary = 263037 in 00:44:47 =   97.9/s Avg:     2 Min:     0 Max: 22722 Err:     0 (0.00%)
2025-12-08 23:36:30,234 INFO o.a.j.r.Summariser: summary +   3062 in 00:00:30 =  101.4/s Avg:     2 Min:     0 Max:    14 Err:     0 (0.00%) Active: 99 Started: 100 Finished: 1
2025-12-08 23:36:30,235 INFO o.a.j.r.Summariser: summary = 266099 in 00:45:17 =   97.9/s Avg:     2 Min:     0 Max: 22722 Err:     0 (0.00%)
2025-12-08 23:36:48,597 INFO o.a.j.t.JMeterThread: Thread is done: Thread Group 1-2
2025-12-08 23:36:48,598 INFO o.a.j.t.JMeterThread: Thread finished: Thread Group 1-2
2025-12-08 23:37:00,313 INFO o.a.j.r.Summariser: summary +   2966 in 00:00:30 =   98.6/s Avg:     2 Min:     0 Max:    11 Err:     0 (0.00%) Active: 98 Started: 100 Finished: 2
2025-12-08 23:37:00,314 INFO o.a.j.r.Summariser: summary = 269065 in 00:45:47 =   97.9/s Avg:     2 Min:     0 Max: 22722 Err:     0 (0.00%)
2025-12-08 23:37:30,201 INFO o.a.j.r.Summariser: summary +   3031 in 00:00:30 =  101.4/s Avg:     1 Min:     0 Max:    16 Err:     0 (0.00%) Active: 98 Started: 100 Finished: 2
2025-12-08 23:37:30,202 INFO o.a.j.r.Summariser: summary = 272096 in 00:46:17 =   98.0/s Avg:     2 Min:     0 Max: 22722 Err:     0 (0.00%)
2025-12-08 23:37:36,632 INFO o.a.j.t.JMeterThread: Thread is done: Thread Group 1-3
2025-12-08 23:37:36,633 INFO o.a.j.t.JMeterThread: Thread finished: Thread Group 1-3
2025-12-08 23:38:00,343 INFO o.a.j.r.Summariser: summary +   3014 in 00:00:30 =  100.0/s Avg:     1 Min:     0 Max:    16 Err:     0 (0.00%) Active: 97 Started: 100 Finished: 3
2025-12-08 23:38:00,344 INFO o.a.j.r.Summariser: summary = 275110 in 00:46:47 =   98.0/s Avg:     2 Min:     0 Max: 22722 Err:     0 (0.00%)
2025-12-08 23:38:09,602 INFO o.a.j.t.JMeterThread: Thread is done: Thread Group 1-4
2025-12-08 23:38:09,603 INFO o.a.j.t.JMeterThread: Thread finished: Thread Group 1-4
2025-12-08 23:38:30,200 INFO o.a.j.r.Summariser: summary +   2986 in 00:00:30 =  100.0/s Avg:     2 Min:     0 Max:    12 Err:     0 (0.00%) Active: 96 Started: 100 Finished: 4
2025-12-08 23:38:30,202 INFO o.a.j.r.Summariser: summary = 278096 in 00:47:17 =   98.0/s Avg:     2 Min:     0 Max: 22722 Err:     0 (0.00%)
2025-12-08 23:38:33,612 INFO o.a.j.t.JMeterThread: Thread is done: Thread Group 1-5
2025-12-08 23:38:33,613 INFO o.a.j.t.JMeterThread: Thread finished: Thread Group 1-5
2025-12-08 23:38:52,613 INFO o.a.j.t.JMeterThread: Thread is done: Thread Group 1-6
2025-12-08 23:38:52,614 INFO o.a.j.t.JMeterThread: Thread finished: Thread Group 1-6
2025-12-08 23:39:00,119 INFO o.a.j.r.Summariser: summary +   2949 in 00:00:30 =   98.6/s Avg:     3 Min:     0 Max:    17 Err:     0 (0.00%) Active: 94 Started: 100 Finished: 6
2025-12-08 23:39:00,120 INFO o.a.j.r.Summariser: summary = 281045 in 00:47:47 =   98.0/s Avg:     2 Min:     0 Max: 22722 Err:     0 (0.00%)
2025-12-08 23:39:08,603 INFO o.a.j.t.JMeterThread: Thread is done: Thread Group 1-7
2025-12-08 23:39:08,604 INFO o.a.j.t.JMeterThread: Thread finished: Thread Group 1-7
2025-12-08 23:39:21,629 INFO o.a.j.t.JMeterThread: Thread is done: Thread Group 1-8
2025-12-08 23:39:21,631 INFO o.a.j.t.JMeterThread: Thread finished: Thread Group 1-8
2025-12-08 23:39:30,320 INFO o.a.j.r.Summariser: summary +   3063 in 00:00:30 =  101.4/s Avg:     3 Min:     0 Max:    18 Err:     0 (0.00%) Active: 92 Started: 100 Finished: 8
2025-12-08 23:39:30,321 INFO o.a.j.r.Summariser: summary = 284108 in 00:48:17 =   98.1/s Avg:     2 Min:     0 Max: 22722 Err:     0 (0.00%)
2025-12-08 23:39:32,674 INFO o.a.j.t.JMeterThread: Thread is done: Thread Group 1-9
2025-12-08 23:39:32,674 INFO o.a.j.t.JMeterThread: Thread finished: Thread Group 1-9
2025-12-08 23:39:43,610 INFO o.a.j.t.JMeterThread: Thread is done: Thread Group 1-10
2025-12-08 23:39:43,611 INFO o.a.j.t.JMeterThread: Thread finished: Thread Group 1-10
2025-12-08 23:39:52,108 INFO o.a.j.t.JMeterThread: Thread is done: Thread Group 1-11
2025-12-08 23:39:52,109 INFO o.a.j.t.JMeterThread: Thread finished: Thread Group 1-11
2025-12-08 23:40:00,122 INFO o.a.j.r.Summariser: summary +   2980 in 00:00:30 =  100.0/s Avg:     3 Min:     0 Max:    16 Err:     0 (0.00%) Active: 89 Started: 100 Finished: 11
2025-12-08 23:40:00,123 INFO o.a.j.r.Summariser: summary = 287088 in 00:48:47 =   98.1/s Avg:     2 Min:     0 Max: 22722 Err:     0 (0.00%)
2025-12-08 23:40:00,613 INFO o.a.j.t.JMeterThread: Thread is done: Thread Group 1-12
2025-12-08 23:40:00,613 INFO o.a.j.t.JMeterThread: Thread finished: Thread Group 1-12
2025-12-08 23:40:07,660 INFO o.a.j.t.JMeterThread: Thread is done: Thread Group 1-13
2025-12-08 23:40:07,661 INFO o.a.j.t.JMeterThread: Thread finished: Thread Group 1-13
2025-12-08 23:40:14,628 INFO o.a.j.t.JMeterThread: Thread is done: Thread Group 1-14
2025-12-08 23:40:14,629 INFO o.a.j.t.JMeterThread: Thread finished: Thread Group 1-14
2025-12-08 23:40:20,657 INFO o.a.j.t.JMeterThread: Thread is done: Thread Group 1-15
2025-12-08 23:40:20,658 INFO o.a.j.t.JMeterThread: Thread finished: Thread Group 1-15
2025-12-08 23:40:26,130 INFO o.a.j.t.JMeterThread: Thread is done: Thread Group 1-16
2025-12-08 23:40:26,131 INFO o.a.j.t.JMeterThread: Thread finished: Thread Group 1-16
2025-12-08 23:40:30,340 INFO o.a.j.r.Summariser: summary +   3022 in 00:00:30 =  100.0/s Avg:     3 Min:     0 Max:    15 Err:     0 (0.00%) Active: 84 Started: 100 Finished: 16
2025-12-08 23:40:30,341 INFO o.a.j.r.Summariser: summary = 290110 in 00:49:17 =   98.1/s Avg:     2 Min:     0 Max: 22722 Err:     0 (0.00%)
2025-12-08 23:40:31,645 INFO o.a.j.t.JMeterThread: Thread is done: Thread Group 1-17
2025-12-08 23:40:31,645 INFO o.a.j.t.JMeterThread: Thread finished: Thread Group 1-17
2025-12-08 23:40:36,629 INFO o.a.j.t.JMeterThread: Thread is done: Thread Group 1-18
2025-12-08 23:40:36,630 INFO o.a.j.t.JMeterThread: Thread finished: Thread Group 1-18
2025-12-08 23:40:41,097 INFO o.a.j.t.JMeterThread: Thread is done: Thread Group 1-19
2025-12-08 23:40:41,097 INFO o.a.j.t.JMeterThread: Thread finished: Thread Group 1-19
2025-12-08 23:40:45,605 INFO o.a.j.t.JMeterThread: Thread is done: Thread Group 1-20
2025-12-08 23:40:45,607 INFO o.a.j.t.JMeterThread: Thread finished: Thread Group 1-20
2025-12-08 23:40:49,614 INFO o.a.j.t.JMeterThread: Thread is done: Thread Group 1-21
2025-12-08 23:40:49,614 INFO o.a.j.t.JMeterThread: Thread finished: Thread Group 1-21
2025-12-08 23:40:53,569 INFO o.a.j.t.JMeterThread: Thread is done: Thread Group 1-22
2025-12-08 23:40:53,569 INFO o.a.j.t.JMeterThread: Thread finished: Thread Group 1-22
2025-12-08 23:40:56,693 INFO o.a.j.t.JMeterThread: Thread is done: Thread Group 1-23
2025-12-08 23:40:56,693 INFO o.a.j.t.JMeterThread: Thread finished: Thread Group 1-23
2025-12-08 23:41:00,106 INFO o.a.j.r.Summariser: summary +   2978 in 00:00:30 =  100.0/s Avg:     3 Min:     0 Max:    14 Err:     0 (0.00%) Active: 77 Started: 100 Finished: 23
2025-12-08 23:41:00,106 INFO o.a.j.r.Summariser: summary = 293088 in 00:49:47 =   98.1/s Avg:     2 Min:     0 Max: 22722 Err:     0 (0.00%)
2025-12-08 23:41:00,552 INFO o.a.j.t.JMeterThread: Thread is done: Thread Group 1-24
2025-12-08 23:41:00,552 INFO o.a.j.t.JMeterThread: Thread finished: Thread Group 1-24
2025-12-08 23:41:03,599 INFO o.a.j.t.JMeterThread: Thread is done: Thread Group 1-25
2025-12-08 23:41:03,599 INFO o.a.j.t.JMeterThread: Thread finished: Thread Group 1-25
2025-12-08 23:41:06,603 INFO o.a.j.t.JMeterThread: Thread is done: Thread Group 1-26
2025-12-08 23:41:06,604 INFO o.a.j.t.JMeterThread: Thread finished: Thread Group 1-26
2025-12-08 23:41:09,567 INFO o.a.j.t.JMeterThread: Thread is done: Thread Group 1-27
2025-12-08 23:41:09,568 INFO o.a.j.t.JMeterThread: Thread finished: Thread Group 1-27
2025-12-08 23:41:12,489 INFO o.a.j.t.JMeterThread: Thread is done: Thread Group 1-28
2025-12-08 23:41:12,489 INFO o.a.j.t.JMeterThread: Thread finished: Thread Group 1-28
2025-12-08 23:41:14,659 INFO o.a.j.t.JMeterThread: Thread is done: Thread Group 1-29
2025-12-08 23:41:14,660 INFO o.a.j.t.JMeterThread: Thread finished: Thread Group 1-29
2025-12-08 23:41:17,506 INFO o.a.j.t.JMeterThread: Thread is done: Thread Group 1-30
2025-12-08 23:41:17,506 INFO o.a.j.t.JMeterThread: Thread finished: Thread Group 1-30
2025-12-08 23:41:19,613 INFO o.a.j.t.JMeterThread: Thread is done: Thread Group 1-31
2025-12-08 23:41:19,613 INFO o.a.j.t.JMeterThread: Thread finished: Thread Group 1-31
2025-12-08 23:41:21,687 INFO o.a.j.t.JMeterThread: Thread is done: Thread Group 1-32
2025-12-08 23:41:21,688 INFO o.a.j.t.JMeterThread: Thread finished: Thread Group 1-32
2025-12-08 23:41:23,732 INFO o.a.j.t.JMeterThread: Thread is done: Thread Group 1-33
2025-12-08 23:41:23,732 INFO o.a.j.t.JMeterThread: Thread finished: Thread Group 1-33
2025-12-08 23:41:25,746 INFO o.a.j.t.JMeterThread: Thread is done: Thread Group 1-34
2025-12-08 23:41:25,747 INFO o.a.j.t.JMeterThread: Thread finished: Thread Group 1-34
2025-12-08 23:41:27,745 INFO o.a.j.t.JMeterThread: Thread is done: Thread Group 1-35
2025-12-08 23:41:27,745 INFO o.a.j.t.JMeterThread: Thread finished: Thread Group 1-35
2025-12-08 23:41:29,699 INFO o.a.j.t.JMeterThread: Thread is done: Thread Group 1-36
2025-12-08 23:41:29,699 INFO o.a.j.t.JMeterThread: Thread finished: Thread Group 1-36
2025-12-08 23:41:30,340 INFO o.a.j.r.Summariser: summary +   2988 in 00:00:30 =   98.8/s Avg:     3 Min:     0 Max:    15 Err:     0 (0.00%) Active: 64 Started: 100 Finished: 36
2025-12-08 23:41:30,341 INFO o.a.j.r.Summariser: summary = 296076 in 00:50:17 =   98.1/s Avg:     2 Min:     0 Max: 22722 Err:     0 (0.00%)
2025-12-08 23:41:31,621 INFO o.a.j.t.JMeterThread: Thread is done: Thread Group 1-37
2025-12-08 23:41:31,621 INFO o.a.j.t.JMeterThread: Thread finished: Thread Group 1-37
2025-12-08 23:41:33,517 INFO o.a.j.t.JMeterThread: Thread is done: Thread Group 1-38
2025-12-08 23:41:33,518 INFO o.a.j.t.JMeterThread: Thread finished: Thread Group 1-38
2025-12-08 23:41:34,761 INFO o.a.j.t.JMeterThread: Thread is done: Thread Group 1-39
2025-12-08 23:41:34,762 INFO o.a.j.t.JMeterThread: Thread finished: Thread Group 1-39
2025-12-08 23:41:36,592 INFO o.a.j.t.JMeterThread: Thread is done: Thread Group 1-40
2025-12-08 23:41:36,592 INFO o.a.j.t.JMeterThread: Thread finished: Thread Group 1-40
2025-12-08 23:41:37,795 INFO o.a.j.t.JMeterThread: Thread is done: Thread Group 1-41
2025-12-08 23:41:37,795 INFO o.a.j.t.JMeterThread: Thread finished: Thread Group 1-41
2025-12-08 23:41:39,564 INFO o.a.j.t.JMeterThread: Thread is done: Thread Group 1-42
2025-12-08 23:41:39,564 INFO o.a.j.t.JMeterThread: Thread finished: Thread Group 1-42
2025-12-08 23:41:40,731 INFO o.a.j.t.JMeterThread: Thread is done: Thread Group 1-43
2025-12-08 23:41:40,731 INFO o.a.j.t.JMeterThread: Thread finished: Thread Group 1-43
2025-12-08 23:41:42,444 INFO o.a.j.t.JMeterThread: Thread is done: Thread Group 1-44
2025-12-08 23:41:42,444 INFO o.a.j.t.JMeterThread: Thread finished: Thread Group 1-44
2025-12-08 23:41:43,567 INFO o.a.j.t.JMeterThread: Thread is done: Thread Group 1-45
2025-12-08 23:41:43,567 INFO o.a.j.t.JMeterThread: Thread finished: Thread Group 1-45
2025-12-08 23:41:44,678 INFO o.a.j.t.JMeterThread: Thread is done: Thread Group 1-46
2025-12-08 23:41:44,679 INFO o.a.j.t.JMeterThread: Thread finished: Thread Group 1-46
2025-12-08 23:41:45,761 INFO o.a.j.t.JMeterThread: Thread is done: Thread Group 1-47
2025-12-08 23:41:45,762 INFO o.a.j.t.JMeterThread: Thread finished: Thread Group 1-47
2025-12-08 23:41:46,827 INFO o.a.j.t.JMeterThread: Thread is done: Thread Group 1-48
2025-12-08 23:41:46,827 INFO o.a.j.t.JMeterThread: Thread finished: Thread Group 1-48
2025-12-08 23:41:47,872 INFO o.a.j.t.JMeterThread: Thread is done: Thread Group 1-49
2025-12-08 23:41:47,873 INFO o.a.j.t.JMeterThread: Thread finished: Thread Group 1-49
2025-12-08 23:41:48,899 INFO o.a.j.t.JMeterThread: Thread is done: Thread Group 1-50
2025-12-08 23:41:48,899 INFO o.a.j.t.JMeterThread: Thread finished: Thread Group 1-50
2025-12-08 23:41:49,903 INFO o.a.j.t.JMeterThread: Thread is done: Thread Group 1-51
2025-12-08 23:41:49,904 INFO o.a.j.t.JMeterThread: Thread finished: Thread Group 1-51
2025-12-08 23:41:50,893 INFO o.a.j.t.JMeterThread: Thread is done: Thread Group 1-52
2025-12-08 23:41:50,893 INFO o.a.j.t.JMeterThread: Thread finished: Thread Group 1-52
2025-12-08 23:41:51,856 INFO o.a.j.t.JMeterThread: Thread is done: Thread Group 1-53
2025-12-08 23:41:51,857 INFO o.a.j.t.JMeterThread: Thread finished: Thread Group 1-53
2025-12-08 23:41:52,800 INFO o.a.j.t.JMeterThread: Thread is done: Thread Group 1-54
2025-12-08 23:41:52,801 INFO o.a.j.t.JMeterThread: Thread finished: Thread Group 1-54
2025-12-08 23:41:53,437 INFO o.a.j.t.JMeterThread: Thread is done: Thread Group 1-55
2025-12-08 23:41:53,437 INFO o.a.j.t.JMeterThread: Thread finished: Thread Group 1-55
2025-12-08 23:41:54,627 INFO o.a.j.t.JMeterThread: Thread is done: Thread Group 1-56
2025-12-08 23:41:54,628 INFO o.a.j.t.JMeterThread: Thread finished: Thread Group 1-56
2025-12-08 23:41:55,512 INFO o.a.j.t.JMeterThread: Thread is done: Thread Group 1-57
2025-12-08 23:41:55,512 INFO o.a.j.t.JMeterThread: Thread finished: Thread Group 1-57
2025-12-08 23:41:56,378 INFO o.a.j.t.JMeterThread: Thread is done: Thread Group 1-58
2025-12-08 23:41:56,378 INFO o.a.j.t.JMeterThread: Thread finished: Thread Group 1-58
2025-12-08 23:41:56,802 INFO o.a.j.t.JMeterThread: Thread is done: Thread Group 1-59
2025-12-08 23:41:56,803 INFO o.a.j.t.JMeterThread: Thread finished: Thread Group 1-59
2025-12-08 23:41:57,627 INFO o.a.j.t.JMeterThread: Thread is done: Thread Group 1-60
2025-12-08 23:41:57,627 INFO o.a.j.t.JMeterThread: Thread finished: Thread Group 1-60
2025-12-08 23:41:58,432 INFO o.a.j.t.JMeterThread: Thread is done: Thread Group 1-61
2025-12-08 23:41:58,432 INFO o.a.j.t.JMeterThread: Thread finished: Thread Group 1-61
2025-12-08 23:41:58,828 INFO o.a.j.t.JMeterThread: Thread is done: Thread Group 1-62
2025-12-08 23:41:58,828 INFO o.a.j.t.JMeterThread: Thread finished: Thread Group 1-62
2025-12-08 23:41:59,348 INFO o.a.j.t.JMeterThread: Thread is done: Thread Group 1-63
2025-12-08 23:41:59,348 INFO o.a.j.t.JMeterThread: Thread finished: Thread Group 1-63
2025-12-08 23:41:59,971 INFO o.a.j.t.JMeterThread: Thread is done: Thread Group 1-64
2025-12-08 23:41:59,972 INFO o.a.j.t.JMeterThread: Thread finished: Thread Group 1-64
2025-12-08 23:42:00,087 INFO o.a.j.r.Summariser: summary +   3010 in 00:00:30 =  101.2/s Avg:     2 Min:     0 Max:    17 Err:     0 (0.00%) Active: 36 Started: 100 Finished: 64
2025-12-08 23:42:00,088 INFO o.a.j.r.Summariser: summary = 299086 in 00:50:47 =   98.2/s Avg:     2 Min:     0 Max: 22722 Err:     0 (0.00%)
2025-12-08 23:42:00,699 INFO o.a.j.t.JMeterThread: Thread is done: Thread Group 1-65
2025-12-08 23:42:00,699 INFO o.a.j.t.JMeterThread: Thread finished: Thread Group 1-65
2025-12-08 23:42:01,397 INFO o.a.j.t.JMeterThread: Thread is done: Thread Group 1-66
2025-12-08 23:42:01,397 INFO o.a.j.t.JMeterThread: Thread finished: Thread Group 1-66
2025-12-08 23:42:01,745 INFO o.a.j.t.JMeterThread: Thread is done: Thread Group 1-67
2025-12-08 23:42:01,745 INFO o.a.j.t.JMeterThread: Thread finished: Thread Group 1-67
2025-12-08 23:42:02,407 INFO o.a.j.t.JMeterThread: Thread is done: Thread Group 1-68
2025-12-08 23:42:02,408 INFO o.a.j.t.JMeterThread: Thread finished: Thread Group 1-68
2025-12-08 23:42:02,730 INFO o.a.j.t.JMeterThread: Thread is done: Thread Group 1-69
2025-12-08 23:42:02,731 INFO o.a.j.t.JMeterThread: Thread finished: Thread Group 1-69
2025-12-08 23:42:03,357 INFO o.a.j.t.JMeterThread: Thread is done: Thread Group 1-70
2025-12-08 23:42:03,357 INFO o.a.j.t.JMeterThread: Thread finished: Thread Group 1-70
2025-12-08 23:42:03,658 INFO o.a.j.t.JMeterThread: Thread is done: Thread Group 1-71
2025-12-08 23:42:03,659 INFO o.a.j.t.JMeterThread: Thread finished: Thread Group 1-71
2025-12-08 23:42:03,750 INFO o.a.j.t.JMeterThread: Thread is done: Thread Group 1-72
2025-12-08 23:42:03,751 INFO o.a.j.t.JMeterThread: Thread finished: Thread Group 1-72
2025-12-08 23:42:04,517 INFO o.a.j.t.JMeterThread: Thread is done: Thread Group 1-73
2025-12-08 23:42:04,517 INFO o.a.j.t.JMeterThread: Thread finished: Thread Group 1-73
2025-12-08 23:42:04,796 INFO o.a.j.t.JMeterThread: Thread is done: Thread Group 1-74
2025-12-08 23:42:04,797 INFO o.a.j.t.JMeterThread: Thread finished: Thread Group 1-74
2025-12-08 23:42:05,318 INFO o.a.j.t.JMeterThread: Thread is done: Thread Group 1-75
2025-12-08 23:42:05,318 INFO o.a.j.t.JMeterThread: Thread finished: Thread Group 1-75
2025-12-08 23:42:05,570 INFO o.a.j.t.JMeterThread: Thread is done: Thread Group 1-76
2025-12-08 23:42:05,571 INFO o.a.j.t.JMeterThread: Thread finished: Thread Group 1-76
2025-12-08 23:42:05,818 INFO o.a.j.t.JMeterThread: Thread is done: Thread Group 1-77
2025-12-08 23:42:05,818 INFO o.a.j.t.JMeterThread: Thread finished: Thread Group 1-77
2025-12-08 23:42:06,283 INFO o.a.j.t.JMeterThread: Thread is done: Thread Group 1-78
2025-12-08 23:42:06,284 INFO o.a.j.t.JMeterThread: Thread finished: Thread Group 1-78
2025-12-08 23:42:06,514 INFO o.a.j.t.JMeterThread: Thread is done: Thread Group 1-79
2025-12-08 23:42:06,515 INFO o.a.j.t.JMeterThread: Thread finished: Thread Group 1-79
2025-12-08 23:42:06,557 INFO o.a.j.t.JMeterThread: Thread is done: Thread Group 1-80
2025-12-08 23:42:06,558 INFO o.a.j.t.JMeterThread: Thread finished: Thread Group 1-80
2025-12-08 23:42:06,927 INFO o.a.j.t.JMeterThread: Thread is done: Thread Group 1-81
2025-12-08 23:42:06,927 INFO o.a.j.t.JMeterThread: Thread finished: Thread Group 1-81
2025-12-08 23:42:07,314 INFO o.a.j.t.JMeterThread: Thread is done: Thread Group 1-82
2025-12-08 23:42:07,315 INFO o.a.j.t.JMeterThread: Thread finished: Thread Group 1-82
2025-12-08 23:42:07,501 INFO o.a.j.t.JMeterThread: Thread is done: Thread Group 1-83
2025-12-08 23:42:07,501 INFO o.a.j.t.JMeterThread: Thread finished: Thread Group 1-83
2025-12-08 23:42:07,682 INFO o.a.j.t.JMeterThread: Thread is done: Thread Group 1-84
2025-12-08 23:42:07,682 INFO o.a.j.t.JMeterThread: Thread finished: Thread Group 1-84
2025-12-08 23:42:07,848 INFO o.a.j.t.JMeterThread: Thread is done: Thread Group 1-85
2025-12-08 23:42:07,848 INFO o.a.j.t.JMeterThread: Thread finished: Thread Group 1-85
2025-12-08 23:42:08,005 INFO o.a.j.t.JMeterThread: Thread is done: Thread Group 1-86
2025-12-08 23:42:08,005 INFO o.a.j.t.JMeterThread: Thread finished: Thread Group 1-86
2025-12-08 23:42:08,290 INFO o.a.j.t.JMeterThread: Thread is done: Thread Group 1-87
2025-12-08 23:42:08,290 INFO o.a.j.t.JMeterThread: Thread finished: Thread Group 1-87
2025-12-08 23:42:08,427 INFO o.a.j.t.JMeterThread: Thread is done: Thread Group 1-88
2025-12-08 23:42:08,427 INFO o.a.j.t.JMeterThread: Thread finished: Thread Group 1-88
2025-12-08 23:42:08,550 INFO o.a.j.t.JMeterThread: Thread is done: Thread Group 1-89
2025-12-08 23:42:08,551 INFO o.a.j.t.JMeterThread: Thread finished: Thread Group 1-89
2025-12-08 23:42:08,668 INFO o.a.j.t.JMeterThread: Thread is done: Thread Group 1-90
2025-12-08 23:42:08,668 INFO o.a.j.t.JMeterThread: Thread finished: Thread Group 1-90
2025-12-08 23:42:08,779 INFO o.a.j.t.JMeterThread: Thread is done: Thread Group 1-91
2025-12-08 23:42:08,780 INFO o.a.j.t.JMeterThread: Thread finished: Thread Group 1-91
2025-12-08 23:42:08,874 INFO o.a.j.t.JMeterThread: Thread is done: Thread Group 1-92
2025-12-08 23:42:08,874 INFO o.a.j.t.JMeterThread: Thread finished: Thread Group 1-92
2025-12-08 23:42:08,959 INFO o.a.j.t.JMeterThread: Thread is done: Thread Group 1-93
2025-12-08 23:42:08,959 INFO o.a.j.t.JMeterThread: Thread finished: Thread Group 1-93
2025-12-08 23:42:09,035 INFO o.a.j.t.JMeterThread: Thread is done: Thread Group 1-94
2025-12-08 23:42:09,035 INFO o.a.j.t.JMeterThread: Thread finished: Thread Group 1-94
2025-12-08 23:42:09,101 INFO o.a.j.t.JMeterThread: Thread is done: Thread Group 1-95
2025-12-08 23:42:09,101 INFO o.a.j.t.JMeterThread: Thread finished: Thread Group 1-95
2025-12-08 23:42:09,156 INFO o.a.j.t.JMeterThread: Thread is done: Thread Group 1-96
2025-12-08 23:42:09,157 INFO o.a.j.t.JMeterThread: Thread finished: Thread Group 1-96
2025-12-08 23:42:09,247 INFO o.a.j.t.JMeterThread: Thread is done: Thread Group 1-97
2025-12-08 23:42:09,247 INFO o.a.j.t.JMeterThread: Thread finished: Thread Group 1-97
2025-12-08 23:42:09,283 INFO o.a.j.t.JMeterThread: Thread is done: Thread Group 1-98
2025-12-08 23:42:09,283 INFO o.a.j.t.JMeterThread: Thread finished: Thread Group 1-98
2025-12-08 23:42:09,308 INFO o.a.j.t.JMeterThread: Thread is done: Thread Group 1-99
2025-12-08 23:42:09,308 INFO o.a.j.t.JMeterThread: Thread finished: Thread Group 1-99
2025-12-08 23:42:09,326 INFO o.a.j.t.JMeterThread: Thread is done: Thread Group 1-100
2025-12-08 23:42:09,327 INFO o.a.j.t.JMeterThread: Thread finished: Thread Group 1-100
2025-12-08 23:42:09,328 INFO o.a.j.e.StandardJMeterEngine: Notifying test listeners of end of test
2025-12-08 23:42:09,328 INFO o.a.j.s.FileServer: Close: data.csv
2025-12-08 23:42:09,329 INFO o.a.j.r.Summariser: summary +    914 in 00:00:09 =   98.9/s Avg:     1 Min:     0 Max:    12 Err:     0 (0.00%) Active: 0 Started: 100 Finished: 100
2025-12-08 23:42:09,329 INFO o.a.j.r.Summariser: summary = 300000 in 00:50:56 =   98.2/s Avg:     2 Min:     0 Max: 22722 Err:     0 (0.00%)
